<?xml version="1.0" encoding="UTF-8"?>
<!-- Generated by org.testng.reporters.JUnitReportReporter -->
<testsuite skipped="0" hostname="DESKTOP-L4ADD4E" name="com.inetBanking.testCases.LoginTestCase001" tests="1" failures="0" timestamp="2021-08-28T17:01:06 IST" time="1.232" errors="0">
  <testcase name="login" time="1.232" classname="com.inetBanking.testCases.LoginTestCase001"/>
  <system-out/>
</testsuite> <!-- com.inetBanking.testCases.LoginTestCase001 -->
